Build started 10/8/2014 2:56:19 PM.
     1>Project "C:\Users\triosStudent\Documents\Visual Studio 2012\Projects\WinStoreC++\WinStore-C-plus-plus\WinRTFromCPP\WinRTFromCPP\WinRTFromCPP.vcxproj" on node 2 (Build target(s)).
     1>ClCompile:
         C:\Program Files (x86)\Microsoft Visual Studio 11.0\VC\bin\CL.exe /c /I"C:\Users\triosStudent\Documents\Visual Studio 2012\Projects\WinStoreC++\WinStore-C-plus-plus\WinRTFromCPP\WinRTFromCPP\\" /I"Generated Files\\" /IDebug\ /ZI /ZW /ZW:nostdlib /nologo /W3 /WX- /sdl /MP /Od /Oy- /D _UNICODE /D UNICODE /D _DEBUG /D WINAPI_FAMILY=WINAPI_FAMILY_APP /Gm- /EHsc /RTC1 /MDd /GS /fp:precise /Zc:wchar_t /Zc:forScope /Yc"pch.h" /Fp"Debug\WinRTFromCPP.pch" /Fo"Debug\\" /Fd"Debug\vc110.pdb" /Gd /TP /wd4453 /FU"C:\Program Files (x86)\Microsoft SDKs\Windows\v8.0\ExtensionSDKs\Microsoft.VCLibs\11.0\References\CommonConfiguration\neutral\platform.winmd" /FU"C:\Program Files (x86)\Windows Kits\8.0\References\CommonConfiguration\Neutral\Windows.winmd" /FU"C:\Program Files (x86)\Windows Kits\8.0\References\CommonConfiguration\Neutral\Windows.winmd" /analyze- /errorReport:prompt /bigobj pch.cpp
         pch.cpp
         C:\Program Files (x86)\Microsoft Visual Studio 11.0\VC\bin\CL.exe /c /I"C:\Users\triosStudent\Documents\Visual Studio 2012\Projects\WinStoreC++\WinStore-C-plus-plus\WinRTFromCPP\WinRTFromCPP\\" /I"Generated Files\\" /IDebug\ /ZI /ZW /ZW:nostdlib /nologo /W3 /WX- /sdl /MP /Od /Oy- /D _UNICODE /D UNICODE /D _DEBUG /D WINAPI_FAMILY=WINAPI_FAMILY_APP /Gm- /EHsc /RTC1 /MDd /GS /fp:precise /Zc:wchar_t /Zc:forScope /Yu"pch.h" /Fp"Debug\WinRTFromCPP.pch" /Fo"Debug\\" /Fd"Debug\vc110.pdb" /Gd /TP /wd4453 /FU"C:\Program Files (x86)\Microsoft SDKs\Windows\v8.0\ExtensionSDKs\Microsoft.VCLibs\11.0\References\CommonConfiguration\neutral\platform.winmd" /FU"C:\Program Files (x86)\Windows Kits\8.0\References\CommonConfiguration\Neutral\Windows.winmd" /FU"C:\Program Files (x86)\Windows Kits\8.0\References\CommonConfiguration\Neutral\Windows.winmd" /analyze- /errorReport:prompt /bigobj App.xaml.cpp MainPage.xaml.cpp "Generated Files\XamlTypeInfo.Impl.g.cpp"
         App.xaml.cpp
         MainPage.xaml.cpp
         XamlTypeInfo.Impl.g.cpp
       CreateWinMD:
         C:\Program Files (x86)\Microsoft Visual Studio 11.0\VC\bin\link.exe /ERRORREPORT:PROMPT /OUT:"C:\Users\triosStudent\Documents\Visual Studio 2012\Projects\WinStoreC++\WinStore-C-plus-plus\WinRTFromCPP\Debug\WinRTFromCPP\WinRTFromCPP.exe" /INCREMENTAL /NOLOGO kernel32.lib /MANIFEST:NO /DEBUG /PDB:"C:\Users\triosStudent\Documents\Visual Studio 2012\Projects\WinStoreC++\WinStore-C-plus-plus\WinRTFromCPP\Debug\WinRTFromCPP\WinRTFromCPP.pdb" /SUBSYSTEM:WINDOWS /TLBID:1 /APPCONTAINER /WINMD:ONLY /WINMDFILE:"C:\Users\triosStudent\Documents\Visual Studio 2012\Projects\WinStoreC++\WinStore-C-plus-plus\WinRTFromCPP\Debug\WinRTFromCPP\WinRTFromCPP.winmd" /DYNAMICBASE /NXCOMPAT /MACHINE:X86 Debug\App.xaml.obj
         Debug\MainPage.xaml.obj
         Debug\pch.obj
         Debug\XamlTypeInfo.Impl.g.obj
       CompileXamlGeneratedFiles:
         C:\Program Files (x86)\Microsoft Visual Studio 11.0\VC\bin\CL.exe /c /I"C:\Users\triosStudent\Documents\Visual Studio 2012\Projects\WinStoreC++\WinStore-C-plus-plus\WinRTFromCPP\WinRTFromCPP\\" /I"Generated Files\\" /IDebug\ /ZI /ZW /ZW:nostdlib /nologo /W3 /WX- /sdl /MP /Od /Oy- /D _UNICODE /D UNICODE /D _DEBUG /D WINAPI_FAMILY=WINAPI_FAMILY_APP /Gm- /EHsc /RTC1 /MDd /GS /fp:precise /Zc:wchar_t /Zc:forScope /Yu"pch.h" /Fp"Debug\WinRTFromCPP.pch" /Fo"Debug\\" /Fd"Debug\vc110.pdb" /Gd /TP /wd4453 /FU"C:\Program Files (x86)\Microsoft SDKs\Windows\v8.0\ExtensionSDKs\Microsoft.VCLibs\11.0\References\CommonConfiguration\neutral\platform.winmd" /FU"C:\Program Files (x86)\Windows Kits\8.0\References\CommonConfiguration\Neutral\Windows.winmd" /FU"C:\Program Files (x86)\Windows Kits\8.0\References\CommonConfiguration\Neutral\Windows.winmd" /analyze- /errorReport:prompt /bigobj "Generated Files\XamlTypeInfo.g.cpp"
         XamlTypeInfo.g.cpp
       Link:
         C:\Program Files (x86)\Microsoft Visual Studio 11.0\VC\bin\link.exe /ERRORREPORT:PROMPT /OUT:"C:\Users\triosStudent\Documents\Visual Studio 2012\Projects\WinStoreC++\WinStore-C-plus-plus\WinRTFromCPP\Debug\WinRTFromCPP\WinRTFromCPP.exe" /INCREMENTAL /NOLOGO kernel32.lib /MANIFEST:NO /DEBUG /PDB:"C:\Users\triosStudent\Documents\Visual Studio 2012\Projects\WinStoreC++\WinStore-C-plus-plus\WinRTFromCPP\Debug\WinRTFromCPP\WinRTFromCPP.pdb" /SUBSYSTEM:WINDOWS /TLBID:1 /APPCONTAINER /WINMD:NO /WINMDFILE:"C:\Users\triosStudent\Documents\Visual Studio 2012\Projects\WinStoreC++\WinStore-C-plus-plus\WinRTFromCPP\Debug\WinRTFromCPP\WinRTFromCPP.winmd" /DYNAMICBASE /NXCOMPAT /MACHINE:X86 Debug\App.xaml.obj
         Debug\MainPage.xaml.obj
         Debug\pch.obj
         Debug\XamlTypeInfo.Impl.g.obj
         Debug\XamlTypeInfo.g.obj
            Creating library C:\Users\triosStudent\Documents\Visual Studio 2012\Projects\WinStoreC++\WinStore-C-plus-plus\WinRTFromCPP\Debug\WinRTFromCPP\WinRTFromCPP.lib and object C:\Users\triosStudent\Documents\Visual Studio 2012\Projects\WinStoreC++\WinStore-C-plus-plus\WinRTFromCPP\Debug\WinRTFromCPP\WinRTFromCPP.exp
         WinRTFromCPP.vcxproj -> C:\Users\triosStudent\Documents\Visual Studio 2012\Projects\WinStoreC++\WinStore-C-plus-plus\WinRTFromCPP\Debug\WinRTFromCPP\WinRTFromCPP.exe
       _GenerateProjectPriFileCore:
         C:\Program Files (x86)\Windows Kits\8.0\bin\x86\MakePri.exe New -ProjectRoot "C:\Users\triosStudent\Documents\Visual Studio 2012\Projects\WinStoreC++\WinStore-C-plus-plus\WinRTFromCPP\WinRTFromCPP\\" -ConfigXml Debug\priconfig.xml -OutputFile "C:\Users\triosStudent\Documents\Visual Studio 2012\Projects\WinStoreC++\WinStore-C-plus-plus\WinRTFromCPP\Debug\WinRTFromCPP\resources.pri" -IndexName 84849320-5ea8-4f27-ab1e-dc072b32e66f -Verbose -Overwrite  
     1>Done Building Project "C:\Users\triosStudent\Documents\Visual Studio 2012\Projects\WinStoreC++\WinStore-C-plus-plus\WinRTFromCPP\WinRTFromCPP\WinRTFromCPP.vcxproj" (Build target(s)).

Build succeeded.

Time Elapsed 00:00:08.38
