Build started 10/8/2014 3:50:41 PM.
     1>Project "C:\Users\triosStudent\Documents\Visual Studio 2012\Projects\WinStoreC++\WinStore-C-plus-plus\FilePicker\FilePicker\FilePicker.vcxproj" on node 2 (Build target(s)).
     1>ClCompile:
         C:\Program Files (x86)\Microsoft Visual Studio 11.0\VC\bin\CL.exe /c /I"C:\Users\triosStudent\Documents\Visual Studio 2012\Projects\WinStoreC++\WinStore-C-plus-plus\FilePicker\FilePicker\\" /I"Generated Files\\" /IDebug\ /ZI /ZW /ZW:nostdlib /nologo /W3 /WX- /sdl /MP /Od /Oy- /D _UNICODE /D UNICODE /D _DEBUG /D WINAPI_FAMILY=WINAPI_FAMILY_APP /Gm- /EHsc /RTC1 /MDd /GS /fp:precise /Zc:wchar_t /Zc:forScope /Yu"pch.h" /Fp"Debug\FilePicker.pch" /Fo"Debug\\" /Fd"Debug\vc110.pdb" /Gd /TP /wd4453 /FU"C:\Program Files (x86)\Microsoft SDKs\Windows\v8.0\ExtensionSDKs\Microsoft.VCLibs\11.0\References\CommonConfiguration\neutral\platform.winmd" /FU"C:\Program Files (x86)\Windows Kits\8.0\References\CommonConfiguration\Neutral\Windows.winmd" /FU"C:\Program Files (x86)\Windows Kits\8.0\References\CommonConfiguration\Neutral\Windows.winmd" /analyze- /errorReport:prompt /bigobj MainPage.xaml.cpp
         MainPage.xaml.cpp
       CreateWinMD:
         C:\Program Files (x86)\Microsoft Visual Studio 11.0\VC\bin\link.exe /ERRORREPORT:PROMPT /OUT:"C:\Users\triosStudent\Documents\Visual Studio 2012\Projects\WinStoreC++\WinStore-C-plus-plus\FilePicker\Debug\FilePicker\FilePicker.exe" /INCREMENTAL /NOLOGO kernel32.lib /MANIFEST:NO /DEBUG /PDB:"C:\Users\triosStudent\Documents\Visual Studio 2012\Projects\WinStoreC++\WinStore-C-plus-plus\FilePicker\Debug\FilePicker\FilePicker.pdb" /SUBSYSTEM:WINDOWS /TLBID:1 /APPCONTAINER /WINMD:ONLY /WINMDFILE:"C:\Users\triosStudent\Documents\Visual Studio 2012\Projects\WinStoreC++\WinStore-C-plus-plus\FilePicker\Debug\FilePicker\FilePicker.winmd" /DYNAMICBASE /NXCOMPAT /MACHINE:X86 Debug\App.xaml.obj
         Debug\MainPage.xaml.obj
         Debug\pch.obj
         Debug\XamlTypeInfo.Impl.g.obj
       Link:
         C:\Program Files (x86)\Microsoft Visual Studio 11.0\VC\bin\link.exe /ERRORREPORT:PROMPT /OUT:"C:\Users\triosStudent\Documents\Visual Studio 2012\Projects\WinStoreC++\WinStore-C-plus-plus\FilePicker\Debug\FilePicker\FilePicker.exe" /INCREMENTAL /NOLOGO kernel32.lib /MANIFEST:NO /DEBUG /PDB:"C:\Users\triosStudent\Documents\Visual Studio 2012\Projects\WinStoreC++\WinStore-C-plus-plus\FilePicker\Debug\FilePicker\FilePicker.pdb" /SUBSYSTEM:WINDOWS /TLBID:1 /APPCONTAINER /WINMD:NO /WINMDFILE:"C:\Users\triosStudent\Documents\Visual Studio 2012\Projects\WinStoreC++\WinStore-C-plus-plus\FilePicker\Debug\FilePicker\FilePicker.winmd" /DYNAMICBASE /NXCOMPAT /MACHINE:X86 Debug\App.xaml.obj
         Debug\MainPage.xaml.obj
         Debug\pch.obj
         Debug\XamlTypeInfo.Impl.g.obj
         Debug\XamlTypeInfo.g.obj
         FilePicker.vcxproj -> C:\Users\triosStudent\Documents\Visual Studio 2012\Projects\WinStoreC++\WinStore-C-plus-plus\FilePicker\Debug\FilePicker\FilePicker.exe
     1>Done Building Project "C:\Users\triosStudent\Documents\Visual Studio 2012\Projects\WinStoreC++\WinStore-C-plus-plus\FilePicker\FilePicker\FilePicker.vcxproj" (Build target(s)).

Build succeeded.

Time Elapsed 00:00:02.29
