Build started 10/2/2014 2:24:57 PM.
     1>Project "C:\Users\triosStudent\Documents\Visual Studio 2012\Projects\WinStoreC++\WinStore-C-plus-plus\MyFirstApp\MyFirstApp\MyFirstApp.vcxproj" on node 2 (Build target(s)).
     1>ClCompile:
         C:\Program Files (x86)\Microsoft Visual Studio 11.0\VC\bin\CL.exe /c /I"C:\Users\triosStudent\Documents\Visual Studio 2012\Projects\WinStoreC++\WinStore-C-plus-plus\MyFirstApp\MyFirstApp\\" /I"Generated Files\\" /IDebug\ /ZI /ZW /ZW:nostdlib /nologo /W3 /WX- /sdl /MP /Od /Oy- /D _UNICODE /D UNICODE /D _DEBUG /D WINAPI_FAMILY=WINAPI_FAMILY_APP /Gm- /EHsc /RTC1 /MDd /GS /fp:precise /Zc:wchar_t /Zc:forScope /Yc"pch.h" /Fp"Debug\MyFirstApp.pch" /Fo"Debug\\" /Fd"Debug\vc110.pdb" /Gd /TP /wd4453 /FU"C:\Program Files (x86)\Microsoft SDKs\Windows\v8.0\ExtensionSDKs\Microsoft.VCLibs\11.0\References\CommonConfiguration\neutral\platform.winmd" /FU"C:\Program Files (x86)\Windows Kits\8.0\References\CommonConfiguration\Neutral\Windows.winmd" /FU"C:\Program Files (x86)\Windows Kits\8.0\References\CommonConfiguration\Neutral\Windows.winmd" /analyze- /errorReport:prompt /bigobj pch.cpp
         pch.cpp
         C:\Program Files (x86)\Microsoft Visual Studio 11.0\VC\bin\CL.exe /c /I"C:\Users\triosStudent\Documents\Visual Studio 2012\Projects\WinStoreC++\WinStore-C-plus-plus\MyFirstApp\MyFirstApp\\" /I"Generated Files\\" /IDebug\ /ZI /ZW /ZW:nostdlib /nologo /W3 /WX- /sdl /MP /Od /Oy- /D _UNICODE /D UNICODE /D _DEBUG /D WINAPI_FAMILY=WINAPI_FAMILY_APP /Gm- /EHsc /RTC1 /MDd /GS /fp:precise /Zc:wchar_t /Zc:forScope /Yu"pch.h" /Fp"Debug\MyFirstApp.pch" /Fo"Debug\\" /Fd"Debug\vc110.pdb" /Gd /TP /wd4453 /FU"C:\Program Files (x86)\Microsoft SDKs\Windows\v8.0\ExtensionSDKs\Microsoft.VCLibs\11.0\References\CommonConfiguration\neutral\platform.winmd" /FU"C:\Program Files (x86)\Windows Kits\8.0\References\CommonConfiguration\Neutral\Windows.winmd" /FU"C:\Program Files (x86)\Windows Kits\8.0\References\CommonConfiguration\Neutral\Windows.winmd" /analyze- /errorReport:prompt /bigobj App.xaml.cpp Common\BindableBase.cpp Common\BooleanNegationConverter.cpp Common\BooleanToVisibilityConverter.cpp Common\LayoutAwarePage.cpp Common\RichTextColumns.cpp Common\SuspensionManager.cpp "Generated Files\XamlTypeInfo.Impl.g.cpp" MainPage.xaml.cpp SearchPeople.xaml.cpp
         App.xaml.cpp
         BindableBase.cpp
         BooleanNegationConverter.cpp
         BooleanToVisibilityConverter.cpp
         LayoutAwarePage.cpp
         RichTextColumns.cpp
         SuspensionManager.cpp
         XamlTypeInfo.Impl.g.cpp
         MainPage.xaml.cpp
         SearchPeople.xaml.cpp
       CreateWinMD:
         C:\Program Files (x86)\Microsoft Visual Studio 11.0\VC\bin\link.exe /ERRORREPORT:PROMPT /OUT:"C:\Users\triosStudent\Documents\Visual Studio 2012\Projects\WinStoreC++\WinStore-C-plus-plus\MyFirstApp\Debug\MyFirstApp\MyFirstApp.exe" /INCREMENTAL /NOLOGO kernel32.lib /MANIFEST:NO /DEBUG /PDB:"C:\Users\triosStudent\Documents\Visual Studio 2012\Projects\WinStoreC++\WinStore-C-plus-plus\MyFirstApp\Debug\MyFirstApp\MyFirstApp.pdb" /SUBSYSTEM:WINDOWS /TLBID:1 /APPCONTAINER /WINMD:ONLY /WINMDFILE:"C:\Users\triosStudent\Documents\Visual Studio 2012\Projects\WinStoreC++\WinStore-C-plus-plus\MyFirstApp\Debug\MyFirstApp\MyFirstApp.winmd" /DYNAMICBASE /NXCOMPAT /MACHINE:X86 Debug\App.xaml.obj
         Debug\BindableBase.obj
         Debug\BooleanNegationConverter.obj
         Debug\BooleanToVisibilityConverter.obj
         Debug\LayoutAwarePage.obj
         Debug\RichTextColumns.obj
         Debug\SuspensionManager.obj
         Debug\MainPage.xaml.obj
         Debug\pch.obj
         Debug\SearchPeople.xaml.obj
         Debug\XamlTypeInfo.Impl.g.obj
       CompileXamlGeneratedFiles:
         C:\Program Files (x86)\Microsoft Visual Studio 11.0\VC\bin\CL.exe /c /I"C:\Users\triosStudent\Documents\Visual Studio 2012\Projects\WinStoreC++\WinStore-C-plus-plus\MyFirstApp\MyFirstApp\\" /I"Generated Files\\" /IDebug\ /ZI /ZW /ZW:nostdlib /nologo /W3 /WX- /sdl /MP /Od /Oy- /D _UNICODE /D UNICODE /D _DEBUG /D WINAPI_FAMILY=WINAPI_FAMILY_APP /Gm- /EHsc /RTC1 /MDd /GS /fp:precise /Zc:wchar_t /Zc:forScope /Yu"pch.h" /Fp"Debug\MyFirstApp.pch" /Fo"Debug\\" /Fd"Debug\vc110.pdb" /Gd /TP /wd4453 /FU"C:\Program Files (x86)\Microsoft SDKs\Windows\v8.0\ExtensionSDKs\Microsoft.VCLibs\11.0\References\CommonConfiguration\neutral\platform.winmd" /FU"C:\Program Files (x86)\Windows Kits\8.0\References\CommonConfiguration\Neutral\Windows.winmd" /FU"C:\Program Files (x86)\Windows Kits\8.0\References\CommonConfiguration\Neutral\Windows.winmd" /analyze- /errorReport:prompt /bigobj "Generated Files\XamlTypeInfo.g.cpp"
         XamlTypeInfo.g.cpp
       Link:
         C:\Program Files (x86)\Microsoft Visual Studio 11.0\VC\bin\link.exe /ERRORREPORT:PROMPT /OUT:"C:\Users\triosStudent\Documents\Visual Studio 2012\Projects\WinStoreC++\WinStore-C-plus-plus\MyFirstApp\Debug\MyFirstApp\MyFirstApp.exe" /INCREMENTAL /NOLOGO kernel32.lib /MANIFEST:NO /DEBUG /PDB:"C:\Users\triosStudent\Documents\Visual Studio 2012\Projects\WinStoreC++\WinStore-C-plus-plus\MyFirstApp\Debug\MyFirstApp\MyFirstApp.pdb" /SUBSYSTEM:WINDOWS /TLBID:1 /APPCONTAINER /WINMD:NO /WINMDFILE:"C:\Users\triosStudent\Documents\Visual Studio 2012\Projects\WinStoreC++\WinStore-C-plus-plus\MyFirstApp\Debug\MyFirstApp\MyFirstApp.winmd" /DYNAMICBASE /NXCOMPAT /MACHINE:X86 Debug\App.xaml.obj
         Debug\BindableBase.obj
         Debug\BooleanNegationConverter.obj
         Debug\BooleanToVisibilityConverter.obj
         Debug\LayoutAwarePage.obj
         Debug\RichTextColumns.obj
         Debug\SuspensionManager.obj
         Debug\MainPage.xaml.obj
         Debug\pch.obj
         Debug\SearchPeople.xaml.obj
         Debug\XamlTypeInfo.Impl.g.obj
         Debug\XamlTypeInfo.g.obj
            Creating library C:\Users\triosStudent\Documents\Visual Studio 2012\Projects\WinStoreC++\WinStore-C-plus-plus\MyFirstApp\Debug\MyFirstApp\MyFirstApp.lib and object C:\Users\triosStudent\Documents\Visual Studio 2012\Projects\WinStoreC++\WinStore-C-plus-plus\MyFirstApp\Debug\MyFirstApp\MyFirstApp.exp
         MyFirstApp.vcxproj -> C:\Users\triosStudent\Documents\Visual Studio 2012\Projects\WinStoreC++\WinStore-C-plus-plus\MyFirstApp\Debug\MyFirstApp\MyFirstApp.exe
     1>Done Building Project "C:\Users\triosStudent\Documents\Visual Studio 2012\Projects\WinStoreC++\WinStore-C-plus-plus\MyFirstApp\MyFirstApp\MyFirstApp.vcxproj" (Build target(s)).

Build succeeded.

Time Elapsed 00:00:12.74
