Build started 10/1/2014 1:35:53 PM.
     1>Project "C:\Users\triosStudent\Documents\Visual Studio 2012\Projects\WinStoreC++\WinStore-C-plus-plus\App1\App1\App1.vcxproj" on node 2 (Build target(s)).
     1>ClCompile:
         C:\Program Files (x86)\Microsoft Visual Studio 11.0\VC\bin\CL.exe /c /I"C:\Users\triosStudent\Documents\Visual Studio 2012\Projects\WinStoreC++\WinStore-C-plus-plus\App1\App1\\" /I"Generated Files\\" /IDebug\ /ZI /ZW /ZW:nostdlib /nologo /W3 /WX- /sdl /MP /Od /Oy- /D _UNICODE /D UNICODE /D _DEBUG /D WINAPI_FAMILY=WINAPI_FAMILY_APP /Gm- /EHsc /RTC1 /MDd /GS /fp:precise /Zc:wchar_t /Zc:forScope /Yc"pch.h" /Fp"Debug\App1.pch" /Fo"Debug\\" /Fd"Debug\vc110.pdb" /Gd /TP /wd4453 /FU"C:\Program Files (x86)\Microsoft SDKs\Windows\v8.0\ExtensionSDKs\Microsoft.VCLibs\11.0\References\CommonConfiguration\neutral\platform.winmd" /FU"C:\Program Files (x86)\Windows Kits\8.0\References\CommonConfiguration\Neutral\Windows.winmd" /FU"C:\Program Files (x86)\Windows Kits\8.0\References\CommonConfiguration\Neutral\Windows.winmd" /analyze- /errorReport:prompt /bigobj pch.cpp
         pch.cpp
         C:\Program Files (x86)\Microsoft Visual Studio 11.0\VC\bin\CL.exe /c /I"C:\Users\triosStudent\Documents\Visual Studio 2012\Projects\WinStoreC++\WinStore-C-plus-plus\App1\App1\\" /I"Generated Files\\" /IDebug\ /ZI /ZW /ZW:nostdlib /nologo /W3 /WX- /sdl /MP /Od /Oy- /D _UNICODE /D UNICODE /D _DEBUG /D WINAPI_FAMILY=WINAPI_FAMILY_APP /Gm- /EHsc /RTC1 /MDd /GS /fp:precise /Zc:wchar_t /Zc:forScope /Yu"pch.h" /Fp"Debug\App1.pch" /Fo"Debug\\" /Fd"Debug\vc110.pdb" /Gd /TP /wd4453 /FU"C:\Program Files (x86)\Microsoft SDKs\Windows\v8.0\ExtensionSDKs\Microsoft.VCLibs\11.0\References\CommonConfiguration\neutral\platform.winmd" /FU"C:\Program Files (x86)\Windows Kits\8.0\References\CommonConfiguration\Neutral\Windows.winmd" /FU"C:\Program Files (x86)\Windows Kits\8.0\References\CommonConfiguration\Neutral\Windows.winmd" /analyze- /errorReport:prompt /bigobj App.xaml.cpp Common\BindableBase.cpp Common\BooleanToVisibilityConverter.cpp Common\BooleanNegationConverter.cpp Common\LayoutAwarePage.cpp Common\RichTextColumns.cpp Common\SuspensionManager.cpp GroupedItemsPage.xaml.cpp GroupDetailPage.xaml.cpp ItemDetailPage.xaml.cpp DataModel\SampleDataSource.cpp "Generated Files\XamlTypeInfo.Impl.g.cpp"
         App.xaml.cpp
         BindableBase.cpp
         BooleanToVisibilityConverter.cpp
         BooleanNegationConverter.cpp
         LayoutAwarePage.cpp
         RichTextColumns.cpp
         SuspensionManager.cpp
         GroupedItemsPage.xaml.cpp
         GroupDetailPage.xaml.cpp
         ItemDetailPage.xaml.cpp
         SampleDataSource.cpp
         XamlTypeInfo.Impl.g.cpp
       CreateWinMD:
         C:\Program Files (x86)\Microsoft Visual Studio 11.0\VC\bin\link.exe /ERRORREPORT:PROMPT /OUT:"C:\Users\triosStudent\Documents\Visual Studio 2012\Projects\WinStoreC++\WinStore-C-plus-plus\App1\Debug\App1\App1.exe" /INCREMENTAL /NOLOGO kernel32.lib /MANIFEST:NO /DEBUG /PDB:"C:\Users\triosStudent\Documents\Visual Studio 2012\Projects\WinStoreC++\WinStore-C-plus-plus\App1\Debug\App1\App1.pdb" /SUBSYSTEM:WINDOWS /TLBID:1 /APPCONTAINER /WINMD:ONLY /WINMDFILE:"C:\Users\triosStudent\Documents\Visual Studio 2012\Projects\WinStoreC++\WinStore-C-plus-plus\App1\Debug\App1\App1.winmd" /DYNAMICBASE /NXCOMPAT /MACHINE:X86 Debug\App.xaml.obj
         Debug\BindableBase.obj
         Debug\BooleanToVisibilityConverter.obj
         Debug\BooleanNegationConverter.obj
         Debug\LayoutAwarePage.obj
         Debug\RichTextColumns.obj
         Debug\SuspensionManager.obj
         Debug\GroupedItemsPage.xaml.obj
         Debug\GroupDetailPage.xaml.obj
         Debug\ItemDetailPage.xaml.obj
         Debug\SampleDataSource.obj
         Debug\pch.obj
         Debug\XamlTypeInfo.Impl.g.obj
       CompileXamlGeneratedFiles:
         C:\Program Files (x86)\Microsoft Visual Studio 11.0\VC\bin\CL.exe /c /I"C:\Users\triosStudent\Documents\Visual Studio 2012\Projects\WinStoreC++\WinStore-C-plus-plus\App1\App1\\" /I"Generated Files\\" /IDebug\ /ZI /ZW /ZW:nostdlib /nologo /W3 /WX- /sdl /MP /Od /Oy- /D _UNICODE /D UNICODE /D _DEBUG /D WINAPI_FAMILY=WINAPI_FAMILY_APP /Gm- /EHsc /RTC1 /MDd /GS /fp:precise /Zc:wchar_t /Zc:forScope /Yu"pch.h" /Fp"Debug\App1.pch" /Fo"Debug\\" /Fd"Debug\vc110.pdb" /Gd /TP /wd4453 /FU"C:\Program Files (x86)\Microsoft SDKs\Windows\v8.0\ExtensionSDKs\Microsoft.VCLibs\11.0\References\CommonConfiguration\neutral\platform.winmd" /FU"C:\Program Files (x86)\Windows Kits\8.0\References\CommonConfiguration\Neutral\Windows.winmd" /FU"C:\Program Files (x86)\Windows Kits\8.0\References\CommonConfiguration\Neutral\Windows.winmd" /analyze- /errorReport:prompt /bigobj "Generated Files\XamlTypeInfo.g.cpp"
         XamlTypeInfo.g.cpp
       Link:
         C:\Program Files (x86)\Microsoft Visual Studio 11.0\VC\bin\link.exe /ERRORREPORT:PROMPT /OUT:"C:\Users\triosStudent\Documents\Visual Studio 2012\Projects\WinStoreC++\WinStore-C-plus-plus\App1\Debug\App1\App1.exe" /INCREMENTAL /NOLOGO kernel32.lib /MANIFEST:NO /DEBUG /PDB:"C:\Users\triosStudent\Documents\Visual Studio 2012\Projects\WinStoreC++\WinStore-C-plus-plus\App1\Debug\App1\App1.pdb" /SUBSYSTEM:WINDOWS /TLBID:1 /APPCONTAINER /WINMD:NO /WINMDFILE:"C:\Users\triosStudent\Documents\Visual Studio 2012\Projects\WinStoreC++\WinStore-C-plus-plus\App1\Debug\App1\App1.winmd" /DYNAMICBASE /NXCOMPAT /MACHINE:X86 Debug\App.xaml.obj
         Debug\BindableBase.obj
         Debug\BooleanToVisibilityConverter.obj
         Debug\BooleanNegationConverter.obj
         Debug\LayoutAwarePage.obj
         Debug\RichTextColumns.obj
         Debug\SuspensionManager.obj
         Debug\GroupedItemsPage.xaml.obj
         Debug\GroupDetailPage.xaml.obj
         Debug\ItemDetailPage.xaml.obj
         Debug\SampleDataSource.obj
         Debug\pch.obj
         Debug\XamlTypeInfo.Impl.g.obj
         Debug\XamlTypeInfo.g.obj
            Creating library C:\Users\triosStudent\Documents\Visual Studio 2012\Projects\WinStoreC++\WinStore-C-plus-plus\App1\Debug\App1\App1.lib and object C:\Users\triosStudent\Documents\Visual Studio 2012\Projects\WinStoreC++\WinStore-C-plus-plus\App1\Debug\App1\App1.exp
         App1.vcxproj -> C:\Users\triosStudent\Documents\Visual Studio 2012\Projects\WinStoreC++\WinStore-C-plus-plus\App1\Debug\App1\App1.exe
       _GenerateProjectPriFileCore:
         C:\Program Files (x86)\Windows Kits\8.0\bin\x86\MakePri.exe New -ProjectRoot "C:\Users\triosStudent\Documents\Visual Studio 2012\Projects\WinStoreC++\WinStore-C-plus-plus\App1\App1\\" -ConfigXml Debug\priconfig.xml -OutputFile "C:\Users\triosStudent\Documents\Visual Studio 2012\Projects\WinStoreC++\WinStore-C-plus-plus\App1\Debug\App1\resources.pri" -IndexName c43d34f9-6834-4914-b79d-d680f50be96e -Verbose -Overwrite  
     1>Done Building Project "C:\Users\triosStudent\Documents\Visual Studio 2012\Projects\WinStoreC++\WinStore-C-plus-plus\App1\App1\App1.vcxproj" (Build target(s)).

Build succeeded.

Time Elapsed 00:00:11.95
